#
# A fatal error has been detected by the Java Runtime Environment:
#
#  EXCEPTION_ACCESS_VIOLATION (0xc0000005) at pc=0x00000000649cfc26, pid=5056, tid=8320
#
# JRE version: Java(TM) SE Runtime Environment (9.0+11) (build 9.0.4+11)
# Java VM: Java HotSpot(TM) 64-Bit Server VM (9.0.4+11, mixed mode, tiered, compressed oops, g1 gc, windows-amd64)
# Problematic frame:
# V  [jvm.dll+0x5ffc26]
#
# No core dump will be written. Minidumps are not enabled by default on client versions of Windows
#
# If you would like to submit a bug report, please visit:
#   http://bugreport.java.com/bugreport/crash.jsp
#

---------------  S U M M A R Y ------------

Command Line: -agentlib:jdwp=transport=dt_socket,address=127.0.0.1:64930,suspend=y,server=n -javaagent:C:\Users\tuhao\.IntelliJIdea2018.2\system\captureAgent\debugger-agent.jar=file:/C:/Users/tuhao/AppData/Local/Temp/capture320.props -Dfile.encoding=GBK LinkedList.Solution

Host: Intel(R) Core(TM) i7-8550U CPU @ 1.80GHz, 8 cores, 7G,  Windows 10 , 64 bit Build 17134 (10.0.17134.753)
Time: Tue Jun 18 10:12:13 2019 ?D1ú±ê×?ê±?? elapsed time: 2472 seconds (0d 0h 41m 12s)

---------------  T H R E A D  ---------------

Current thread (0x0000021f7fbdc800):  VMThread "VM Thread" [stack: 0x0000008c8fb00000,0x0000008c8fc00000] [id=8320]

Stack: [0x0000008c8fb00000,0x0000008c8fc00000],  sp=0x0000008c8fbfe7b0,  free space=1017k
Native frames: (J=compiled Java code, j=interpreted, Vv=VM code, C=native code)
V  [jvm.dll+0x5ffc26]
V  [jvm.dll+0x2f40d3]
V  [jvm.dll+0x2f6073]
V  [jvm.dll+0x2f666e]
V  [jvm.dll+0x2f3e55]
V  [jvm.dll+0x2f3293]
V  [jvm.dll+0x5784ff]
V  [jvm.dll+0x57880c]
V  [jvm.dll+0x5786b3]
V  [jvm.dll+0x578eac]
V  [jvm.dll+0x5470aa]
V  [jvm.dll+0x465311]
V  [jvm.dll+0x6a366b]
V  [jvm.dll+0x6a1e05]
V  [jvm.dll+0x6a25e1]
V  [jvm.dll+0x6a28cc]
V  [jvm.dll+0x586490]
C  [msvcr120.dll+0x24f7f]
C  [msvcr120.dll+0x25126]
C  [KERNEL32.DLL+0x14034]
C  [ntdll.dll+0x73691]


siginfo: EXCEPTION_ACCESS_VIOLATION (0xc0000005), reading address 0x0000000000000006


Register to memory mapping:

RIP=0x00000000649cfc26 jvm.dll
RAX=0x0000000000000000 is an unknown value
RBX=0x0000000000000000 is an unknown value
RCX=0x0000008c8fbfe810 is an unknown value
RDX=0x0000000000000000 is an unknown value
RSP=0x0000008c8fbfe7b0 is an unknown value
RBP=0x0000008c8fbfed30 is an unknown value
RSI=0x0000000000000000 is an unknown value
RDI=0x0000008c8fbfeec0 is an unknown value
R8 =0x0000000000000000 is an unknown value
R9 =0x0000021f15382620 is pointing into metadata
R10=0x0000021f7149e130 is an unknown value
R11=0x0000008c8fbfec70 is an unknown value
R12=0x0000008c8fbff001 is an unknown value
R13=0x0000000000000000 is an unknown value
R14=0x0000000000000000 is an unknown value
R15=0x0000000000000000 is an unknown value


Registers:
RAX=0x0000000000000000, RBX=0x0000000000000000, RCX=0x0000008c8fbfe810, RDX=0x0000000000000000
RSP=0x0000008c8fbfe7b0, RBP=0x0000008c8fbfed30, RSI=0x0000000000000000, RDI=0x0000008c8fbfeec0
R8 =0x0000000000000000, R9 =0x0000021f15382620, R10=0x0000021f7149e130, R11=0x0000008c8fbfec70
R12=0x0000008c8fbff001, R13=0x0000000000000000, R14=0x0000000000000000, R15=0x0000000000000000
RIP=0x00000000649cfc26, EFLAGS=0x0000000000010202

Top of Stack: (sp=0x0000008c8fbfe7b0)
0x0000008c8fbfe7b0:   0000008c8fbfe810 00000000649d01dc
0x0000008c8fbfe7c0:   0000000000000000 0000000000000000
0x0000008c8fbfe7d0:   0000000000000000 00000000646c40d3
0x0000008c8fbfe7e0:   0000000000000000 0000008c8fbfeec0
0x0000008c8fbfe7f0:   0000008c8fbfe850 0000000000000000
0x0000008c8fbfe800:   0000000000000000 0000000000000000
0x0000008c8fbfe810:   0000000064b6ca20 0000000000000000
0x0000008c8fbfe820:   0000000000000000 0000008c0000000e
0x0000008c8fbfe830:   0000008c8fbfe840 0000000000000000
0x0000008c8fbfe840:   0000000000000000 00000000649cfa08
0x0000008c8fbfe850:   4fffffff4fffffff 0000021f7fad55f0
0x0000008c8fbfe860:   0000000000000014 000000000000000e
0x0000008c8fbfe870:   0000008c8fbfe890 0000000000000002
0x0000008c8fbfe880:   0000000000000000 0000008c8fbfef60
0x0000008c8fbfe890:   4fffffff4fffffff 000000002fffffff
0x0000008c8fbfe8a0:   0000000000000000 00000000649cfa08 

Instructions: (pc=0x00000000649cfc26)
0x00000000649cfc06:   5f 00 cd fb 5f 00 cc cc cc cc 40 53 48 83 ec 20
0x00000000649cfc16:   48 8b 41 08 c7 41 10 00 00 00 00 48 89 7c 24 38
0x00000000649cfc26:   80 78 06 28 48 8b d9 74 22 41 b9 28 00 00 00 4c
0x00000000649cfc36:   8d 05 64 1d 1e 00 48 8d 0d 6d 1d 1e 00 41 8d 51 


VM_Operation (0x0000008c906ff390): GetOrSetLocal, mode: safepoint, requested by thread 0x0000021f158a0800


---------------  P R O C E S S  ---------------

Java Threads: ( => current thread )
  0x0000021f15900800 JavaThread "Service Thread" daemon [_thread_blocked, id=14748, stack(0x0000008c90900000,0x0000008c90a00000)]
  0x0000021f158ab000 JavaThread "JDWP Command Reader" daemon [_thread_in_native, id=17828, stack(0x0000008c90800000,0x0000008c90900000)]
  0x0000021f158a2800 JavaThread "JDWP Event Helper Thread" daemon [_thread_blocked, id=9944, stack(0x0000008c90700000,0x0000008c90800000)]
  0x0000021f158a0800 JavaThread "JDWP Transport Listener: dt_socket" daemon [_thread_blocked, id=9544, stack(0x0000008c90600000,0x0000008c90700000)]
  0x0000021f7fccc800 JavaThread "Common-Cleaner" daemon [_thread_blocked, id=7348, stack(0x0000008c90500000,0x0000008c90600000)]
  0x0000021f7fca7800 JavaThread "Sweeper thread" daemon [_thread_blocked, id=10444, stack(0x0000008c90400000,0x0000008c90500000)]
  0x0000021f7fc89000 JavaThread "C1 CompilerThread3" daemon [_thread_blocked, id=13908, stack(0x0000008c90300000,0x0000008c90400000)]
  0x0000021f7fc5a800 JavaThread "C2 CompilerThread2" daemon [_thread_blocked, id=1668, stack(0x0000008c90200000,0x0000008c90300000)]
  0x0000021f7fc59800 JavaThread "C2 CompilerThread1" daemon [_thread_blocked, id=816, stack(0x0000008c90100000,0x0000008c90200000)]
  0x0000021f7fc58800 JavaThread "C2 CompilerThread0" daemon [_thread_blocked, id=5972, stack(0x0000008c90000000,0x0000008c90100000)]
  0x0000021f7fc58000 JavaThread "Attach Listener" daemon [_thread_blocked, id=14960, stack(0x0000008c8ff00000,0x0000008c90000000)]
  0x0000021f7fc57000 JavaThread "Signal Dispatcher" daemon [_thread_blocked, id=10864, stack(0x0000008c8fe00000,0x0000008c8ff00000)]
  0x0000021f7fbe8800 JavaThread "Finalizer" daemon [_thread_blocked, id=14628, stack(0x0000008c8fd00000,0x0000008c8fe00000)]
  0x0000021f7fbf2800 JavaThread "Reference Handler" daemon [_thread_blocked, id=5764, stack(0x0000008c8fc00000,0x0000008c8fd00000)]
  0x0000021f7141b800 JavaThread "main" [_thread_blocked, id=17868, stack(0x0000008c8e600000,0x0000008c8e700000)]

Other Threads:
=>0x0000021f7fbdc800 VMThread "VM Thread" [stack: 0x0000008c8fb00000,0x0000008c8fc00000] [id=8320]
  0x0000021f15903800 WatcherThread [stack: 0x0000008c90a00000,0x0000008c90b00000] [id=8668]
  0x0000021f71431800 GCTaskThread "GC Thread#0" [stack: 0x0000008c8e700000,0x0000008c8e800000] [id=14812]
  0x0000021f71432800 GCTaskThread "GC Thread#1" [stack: 0x0000008c8e800000,0x0000008c8e900000] [id=19412]
  0x0000021f71434800 GCTaskThread "GC Thread#2" [stack: 0x0000008c8e900000,0x0000008c8ea00000] [id=9148]
  0x0000021f71436800 GCTaskThread "GC Thread#3" [stack: 0x0000008c8ea00000,0x0000008c8eb00000] [id=12088]
  0x0000021f71439000 GCTaskThread "GC Thread#4" [stack: 0x0000008c8eb00000,0x0000008c8ec00000] [id=14880]
  0x0000021f7143d800 GCTaskThread "GC Thread#5" [stack: 0x0000008c8ec00000,0x0000008c8ed00000] [id=17836]
  0x0000021f71445000 GCTaskThread "GC Thread#6" [stack: 0x0000008c8ed00000,0x0000008c8ee00000] [id=13280]
  0x0000021f7144e800 GCTaskThread "GC Thread#7" [stack: 0x0000008c8ee00000,0x0000008c8ef00000] [id=17780]
  0x0000021f7149a000 ConcurrentGCThread "G1 Main Marker" [stack: 0x0000008c8f800000,0x0000008c8f900000] [id=4436]
  0x0000021f71448000 ConcurrentGCThread "G1 Marker#0" [stack: 0x0000008c8f900000,0x0000008c8fa00000] [id=17572]
  0x0000021f71448800 ConcurrentGCThread "G1 Marker#1" [stack: 0x0000008c8fa00000,0x0000008c8fb00000] [id=7300]
  0x0000021f7146d800 ConcurrentGCThread "G1 Refine#0" [stack: 0x0000008c8f600000,0x0000008c8f700000] [id=2836]
  0x0000021f7146c800 ConcurrentGCThread "G1 Refine#1" [stack: 0x0000008c8f500000,0x0000008c8f600000] [id=9368]
  0x0000021f7146c000 ConcurrentGCThread "G1 Refine#2" [stack: 0x0000008c8f400000,0x0000008c8f500000] [id=6856]
  0x0000021f71469000 ConcurrentGCThread "G1 Refine#3" [stack: 0x0000008c8f300000,0x0000008c8f400000] [id=13436]
  0x0000021f71468800 ConcurrentGCThread "G1 Refine#4" [stack: 0x0000008c8f200000,0x0000008c8f300000] [id=976]
  0x0000021f7145d800 ConcurrentGCThread "G1 Refine#5" [stack: 0x0000008c8f100000,0x0000008c8f200000] [id=12656]
  0x0000021f7145b000 ConcurrentGCThread "G1 Refine#6" [stack: 0x0000008c8f000000,0x0000008c8f100000] [id=5472]
  0x0000021f71456000 ConcurrentGCThread "G1 Refine#7" [stack: 0x0000008c8ef00000,0x0000008c8f000000] [id=7088]
  0x0000021f7146e800 ConcurrentGCThread "G1 Young RemSet Sampling" [stack: 0x0000008c8f700000,0x0000008c8f800000] [id=9296]

Threads with active compile tasks:

VM state:at safepoint (normal execution)

VM Mutex/Monitor currently owned by a thread:  ([mutex/lock_event])
[0x0000021f71413030] Threads_lock - owner thread: 0x0000021f7fbdc800

Heap address: 0x0000000081c00000, size: 2020 MB, Compressed Oops mode: 32-bit
Narrow klass base: 0x0000000000000000, Narrow klass shift: 3
Compressed class space size: 1073741824 Address: 0x0000000100000000

Heap:
 garbage-first heap   total 131072K, used 4096K [0x0000000081c00000, 0x0000000081d00400, 0x0000000100000000)
  region size 1024K, 5 young (5120K), 0 survivors (0K)
 Metaspace       used 6038K, capacity 6160K, committed 6272K, reserved 1056768K
  class space    used 518K, capacity 576K, committed 640K, reserved 1048576K
Heap Regions: E=young(eden), S=young(survivor), O=old, HS=humongous(starts), HC=humongous(continues), CS=collection set, F=free, A=archive, TS=gc time stamp, AC=allocation context, TAMS=top-at-mark-start (previous, next)
|   0|0x0000000081c00000, 0x0000000081c00000, 0x0000000081d00000|  0%| F|  |TS  0|AC  0|TAMS 0x0000000081c00000, 0x0000000081c00000|
|   1|0x0000000081d00000, 0x0000000081d00000, 0x0000000081e00000|  0%| F|  |TS  0|AC  0|TAMS 0x0000000081d00000, 0x0000000081d00000|
|   2|0x0000000081e00000, 0x0000000081e00000, 0x0000000081f00000|  0%| F|  |TS  0|AC  0|TAMS 0x0000000081e00000, 0x0000000081e00000|
|   3|0x0000000081f00000, 0x0000000081f00000, 0x0000000082000000|  0%| F|  |TS  0|AC  0|TAMS 0x0000000081f00000, 0x0000000081f00000|
|   4|0x0000000082000000, 0x0000000082000000, 0x0000000082100000|  0%| F|  |TS  0|AC  0|TAMS 0x0000000082000000, 0x0000000082000000|
|   5|0x0000000082100000, 0x0000000082100000, 0x0000000082200000|  0%| F|  |TS  0|AC  0|TAMS 0x0000000082100000, 0x0000000082100000|
|   6|0x0000000082200000, 0x0000000082200000, 0x0000000082300000|  0%| F|  |TS  0|AC  0|TAMS 0x0000000082200000, 0x0000000082200000|
|   7|0x0000000082300000, 0x0000000082300000, 0x0000000082400000|  0%| F|  |TS  0|AC  0|TAMS 0x0000000082300000, 0x0000000082300000|
|   8|0x0000000082400000, 0x0000000082400000, 0x0000000082500000|  0%| F|  |TS  0|AC  0|TAMS 0x0000000082400000, 0x0000000082400000|
|   9|0x0000000082500000, 0x0000000082500000, 0x0000000082600000|  0%| F|  |TS  0|AC  0|TAMS 0x0000000082500000, 0x0000000082500000|
|  10|0x0000000082600000, 0x0000000082600000, 0x0000000082700000|  0%| F|  |TS  0|AC  0|TAMS 0x0000000082600000, 0x0000000082600000|
|  11|0x0000000082700000, 0x0000000082700000, 0x0000000082800000|  0%| F|  |TS  0|AC  0|TAMS 0x0000000082700000, 0x0000000082700000|
|  12|0x0000000082800000, 0x0000000082800000, 0x0000000082900000|  0%| F|  |TS  0|AC  0|TAMS 0x0000000082800000, 0x0000000082800000|
|  13|0x0000000082900000, 0x0000000082900000, 0x0000000082a00000|  0%| F|  |TS  0|AC  0|TAMS 0x0000000082900000, 0x0000000082900000|
|  14|0x0000000082a00000, 0x0000000082a00000, 0x0000000082b00000|  0%| F|  |TS  0|AC  0|TAMS 0x0000000082a00000, 0x0000000082a00000|
|  15|0x0000000082b00000, 0x0000000082b00000, 0x0000000082c00000|  0%| F|  |TS  0|AC  0|TAMS 0x0000000082b00000, 0x0000000082b00000|
|  16|0x0000000082c00000, 0x0000000082c00000, 0x0000000082d00000|  0%| F|  |TS  0|AC  0|TAMS 0x0000000082c00000, 0x0000000082c00000|
|  17|0x0000000082d00000, 0x0000000082d00000, 0x0000000082e00000|  0%| F|  |TS  0|AC  0|TAMS 0x0000000082d00000, 0x0000000082d00000|
|  18|0x0000000082e00000, 0x0000000082e00000, 0x0000000082f00000|  0%| F|  |TS  0|AC  0|TAMS 0x0000000082e00000, 0x0000000082e00000|
|  19|0x0000000082f00000, 0x0000000082f00000, 0x0000000083000000|  0%| F|  |TS  0|AC  0|TAMS 0x0000000082f00000, 0x0000000082f00000|
|  20|0x0000000083000000, 0x0000000083000000, 0x0000000083100000|  0%| F|  |TS  0|AC  0|TAMS 0x0000000083000000, 0x0000000083000000|
|  21|0x0000000083100000, 0x0000000083100000, 0x0000000083200000|  0%| F|  |TS  0|AC  0|TAMS 0x0000000083100000, 0x0000000083100000|
|  22|0x0000000083200000, 0x0000000083200000, 0x0000000083300000|  0%| F|  |TS  0|AC  0|TAMS 0x0000000083200000, 0x0000000083200000|
|  23|0x0000000083300000, 0x0000000083300000, 0x0000000083400000|  0%| F|  |TS  0|AC  0|TAMS 0x0000000083300000, 0x0000000083300000|
|  24|0x0000000083400000, 0x0000000083400000, 0x0000000083500000|  0%| F|  |TS  0|AC  0|TAMS 0x0000000083400000, 0x0000000083400000|
|  25|0x0000000083500000, 0x0000000083500000, 0x0000000083600000|  0%| F|  |TS  0|AC  0|TAMS 0x0000000083500000, 0x0000000083500000|
|  26|0x0000000083600000, 0x0000000083600000, 0x0000000083700000|  0%| F|  |TS  0|AC  0|TAMS 0x0000000083600000, 0x0000000083600000|
|  27|0x0000000083700000, 0x0000000083700000, 0x0000000083800000|  0%| F|  |TS  0|AC  0|TAMS 0x0000000083700000, 0x0000000083700000|
|  28|0x0000000083800000, 0x0000000083800000, 0x0000000083900000|  0%| F|  |TS  0|AC  0|TAMS 0x0000000083800000, 0x0000000083800000|
|  29|0x0000000083900000, 0x0000000083900000, 0x0000000083a00000|  0%| F|  |TS  0|AC  0|TAMS 0x0000000083900000, 0x0000000083900000|
|  30|0x0000000083a00000, 0x0000000083a00000, 0x0000000083b00000|  0%| F|  |TS  0|AC  0|TAMS 0x0000000083a00000, 0x0000000083a00000|
|  31|0x0000000083b00000, 0x0000000083b00000, 0x0000000083c00000|  0%| F|  |TS  0|AC  0|TAMS 0x0000000083b00000, 0x0000000083b00000|
|  32|0x0000000083c00000, 0x0000000083c00000, 0x0000000083d00000|  0%| F|  |TS  0|AC  0|TAMS 0x0000000083c00000, 0x0000000083c00000|
|  33|0x0000000083d00000, 0x0000000083d00000, 0x0000000083e00000|  0%| F|  |TS  0|AC  0|TAMS 0x0000000083d00000, 0x0000000083d00000|
|  34|0x0000000083e00000, 0x0000000083e00000, 0x0000000083f00000|  0%| F|  |TS  0|AC  0|TAMS 0x0000000083e00000, 0x0000000083e00000|
|  35|0x0000000083f00000, 0x0000000083f00000, 0x0000000084000000|  0%| F|  |TS  0|AC  0|TAMS 0x0000000083f00000, 0x0000000083f00000|
|  36|0x0000000084000000, 0x0000000084000000, 0x0000000084100000|  0%| F|  |TS  0|AC  0|TAMS 0x0000000084000000, 0x0000000084000000|
|  37|0x0000000084100000, 0x0000000084100000, 0x0000000084200000|  0%| F|  |TS  0|AC  0|TAMS 0x0000000084100000, 0x0000000084100000|
|  38|0x0000000084200000, 0x0000000084200000, 0x0000000084300000|  0%| F|  |TS  0|AC  0|TAMS 0x0000000084200000, 0x0000000084200000|
|  39|0x0000000084300000, 0x0000000084300000, 0x0000000084400000|  0%| F|  |TS  0|AC  0|TAMS 0x0000000084300000, 0x0000000084300000|
|  40|0x0000000084400000, 0x0000000084400000, 0x0000000084500000|  0%| F|  |TS  0|AC  0|TAMS 0x0000000084400000, 0x0000000084400000|
|  41|0x0000000084500000, 0x0000000084500000, 0x0000000084600000|  0%| F|  |TS  0|AC  0|TAMS 0x0000000084500000, 0x0000000084500000|
|  42|0x0000000084600000, 0x0000000084600000, 0x0000000084700000|  0%| F|  |TS  0|AC  0|TAMS 0x0000000084600000, 0x0000000084600000|
|  43|0x0000000084700000, 0x0000000084700000, 0x0000000084800000|  0%| F|  |TS  0|AC  0|TAMS 0x0000000084700000, 0x0000000084700000|
|  44|0x0000000084800000, 0x0000000084800000, 0x0000000084900000|  0%| F|  |TS  0|AC  0|TAMS 0x0000000084800000, 0x0000000084800000|
|  45|0x0000000084900000, 0x0000000084900000, 0x0000000084a00000|  0%| F|  |TS  0|AC  0|TAMS 0x0000000084900000, 0x0000000084900000|
|  46|0x0000000084a00000, 0x0000000084a00000, 0x0000000084b00000|  0%| F|  |TS  0|AC  0|TAMS 0x0000000084a00000, 0x0000000084a00000|
|  47|0x0000000084b00000, 0x0000000084b00000, 0x0000000084c00000|  0%| F|  |TS  0|AC  0|TAMS 0x0000000084b00000, 0x0000000084b00000|
|  48|0x0000000084c00000, 0x0000000084c00000, 0x0000000084d00000|  0%| F|  |TS  0|AC  0|TAMS 0x0000000084c00000, 0x0000000084c00000|
|  49|0x0000000084d00000, 0x0000000084d00000, 0x0000000084e00000|  0%| F|  |TS  0|AC  0|TAMS 0x0000000084d00000, 0x0000000084d00000|
|  50|0x0000000084e00000, 0x0000000084e00000, 0x0000000084f00000|  0%| F|  |TS  0|AC  0|TAMS 0x0000000084e00000, 0x0000000084e00000|
|  51|0x0000000084f00000, 0x0000000084f00000, 0x0000000085000000|  0%| F|  |TS  0|AC  0|TAMS 0x0000000084f00000, 0x0000000084f00000|
|  52|0x0000000085000000, 0x0000000085000000, 0x0000000085100000|  0%| F|  |TS  0|AC  0|TAMS 0x0000000085000000, 0x0000000085000000|
|  53|0x0000000085100000, 0x0000000085100000, 0x0000000085200000|  0%| F|  |TS  0|AC  0|TAMS 0x0000000085100000, 0x0000000085100000|
|  54|0x0000000085200000, 0x0000000085200000, 0x0000000085300000|  0%| F|  |TS  0|AC  0|TAMS 0x0000000085200000, 0x0000000085200000|
|  55|0x0000000085300000, 0x0000000085300000, 0x0000000085400000|  0%| F|  |TS  0|AC  0|TAMS 0x0000000085300000, 0x0000000085300000|
|  56|0x0000000085400000, 0x0000000085400000, 0x0000000085500000|  0%| F|  |TS  0|AC  0|TAMS 0x0000000085400000, 0x0000000085400000|
|  57|0x0000000085500000, 0x0000000085500000, 0x0000000085600000|  0%| F|  |TS  0|AC  0|TAMS 0x0000000085500000, 0x0000000085500000|
|  58|0x0000000085600000, 0x0000000085600000, 0x0000000085700000|  0%| F|  |TS  0|AC  0|TAMS 0x0000000085600000, 0x0000000085600000|
|  59|0x0000000085700000, 0x0000000085700000, 0x0000000085800000|  0%| F|  |TS  0|AC  0|TAMS 0x0000000085700000, 0x0000000085700000|
|  60|0x0000000085800000, 0x0000000085800000, 0x0000000085900000|  0%| F|  |TS  0|AC  0|TAMS 0x0000000085800000, 0x0000000085800000|
|  61|0x0000000085900000, 0x0000000085900000, 0x0000000085a00000|  0%| F|  |TS  0|AC  0|TAMS 0x0000000085900000, 0x0000000085900000|
|  62|0x0000000085a00000, 0x0000000085a00000, 0x0000000085b00000|  0%| F|  |TS  0|AC  0|TAMS 0x0000000085a00000, 0x0000000085a00000|
|  63|0x0000000085b00000, 0x0000000085b00000, 0x0000000085c00000|  0%| F|  |TS  0|AC  0|TAMS 0x0000000085b00000, 0x0000000085b00000|
|  64|0x0000000085c00000, 0x0000000085c00000, 0x0000000085d00000|  0%| F|  |TS  0|AC  0|TAMS 0x0000000085c00000, 0x0000000085c00000|
|  65|0x0000000085d00000, 0x0000000085d00000, 0x0000000085e00000|  0%| F|  |TS  0|AC  0|TAMS 0x0000000085d00000, 0x0000000085d00000|
|  66|0x0000000085e00000, 0x0000000085e00000, 0x0000000085f00000|  0%| F|  |TS  0|AC  0|TAMS 0x0000000085e00000, 0x0000000085e00000|
|  67|0x0000000085f00000, 0x0000000085f00000, 0x0000000086000000|  0%| F|  |TS  0|AC  0|TAMS 0x0000000085f00000, 0x0000000085f00000|
|  68|0x0000000086000000, 0x0000000086000000, 0x0000000086100000|  0%| F|  |TS  0|AC  0|TAMS 0x0000000086000000, 0x0000000086000000|
|  69|0x0000000086100000, 0x0000000086100000, 0x0000000086200000|  0%| F|  |TS  0|AC  0|TAMS 0x0000000086100000, 0x0000000086100000|
|  70|0x0000000086200000, 0x0000000086200000, 0x0000000086300000|  0%| F|  |TS  0|AC  0|TAMS 0x0000000086200000, 0x0000000086200000|
|  71|0x0000000086300000, 0x0000000086300000, 0x0000000086400000|  0%| F|  |TS  0|AC  0|TAMS 0x0000000086300000, 0x0000000086300000|
|  72|0x0000000086400000, 0x0000000086400000, 0x0000000086500000|  0%| F|  |TS  0|AC  0|TAMS 0x0000000086400000, 0x0000000086400000|
|  73|0x0000000086500000, 0x0000000086500000, 0x0000000086600000|  0%| F|  |TS  0|AC  0|TAMS 0x0000000086500000, 0x0000000086500000|
|  74|0x0000000086600000, 0x0000000086600000, 0x0000000086700000|  0%| F|  |TS  0|AC  0|TAMS 0x0000000086600000, 0x0000000086600000|
|  75|0x0000000086700000, 0x0000000086700000, 0x0000000086800000|  0%| F|  |TS  0|AC  0|TAMS 0x0000000086700000, 0x0000000086700000|
|  76|0x0000000086800000, 0x0000000086800000, 0x0000000086900000|  0%| F|  |TS  0|AC  0|TAMS 0x0000000086800000, 0x0000000086800000|
|  77|0x0000000086900000, 0x0000000086900000, 0x0000000086a00000|  0%| F|  |TS  0|AC  0|TAMS 0x0000000086900000, 0x0000000086900000|
|  78|0x0000000086a00000, 0x0000000086a00000, 0x0000000086b00000|  0%| F|  |TS  0|AC  0|TAMS 0x0000000086a00000, 0x0000000086a00000|
|  79|0x0000000086b00000, 0x0000000086b00000, 0x0000000086c00000|  0%| F|  |TS  0|AC  0|TAMS 0x0000000086b00000, 0x0000000086b00000|
|  80|0x0000000086c00000, 0x0000000086c00000, 0x0000000086d00000|  0%| F|  |TS  0|AC  0|TAMS 0x0000000086c00000, 0x0000000086c00000|
|  81|0x0000000086d00000, 0x0000000086d00000, 0x0000000086e00000|  0%| F|  |TS  0|AC  0|TAMS 0x0000000086d00000, 0x0000000086d00000|
|  82|0x0000000086e00000, 0x0000000086e00000, 0x0000000086f00000|  0%| F|  |TS  0|AC  0|TAMS 0x0000000086e00000, 0x0000000086e00000|
|  83|0x0000000086f00000, 0x0000000086f00000, 0x0000000087000000|  0%| F|  |TS  0|AC  0|TAMS 0x0000000086f00000, 0x0000000086f00000|
|  84|0x0000000087000000, 0x0000000087000000, 0x0000000087100000|  0%| F|  |TS  0|AC  0|TAMS 0x0000000087000000, 0x0000000087000000|
|  85|0x0000000087100000, 0x0000000087100000, 0x0000000087200000|  0%| F|  |TS  0|AC  0|TAMS 0x0000000087100000, 0x0000000087100000|
|  86|0x0000000087200000, 0x0000000087200000, 0x0000000087300000|  0%| F|  |TS  0|AC  0|TAMS 0x0000000087200000, 0x0000000087200000|
|  87|0x0000000087300000, 0x0000000087300000, 0x0000000087400000|  0%| F|  |TS  0|AC  0|TAMS 0x0000000087300000, 0x0000000087300000|
|  88|0x0000000087400000, 0x0000000087400000, 0x0000000087500000|  0%| F|  |TS  0|AC  0|TAMS 0x0000000087400000, 0x0000000087400000|
|  89|0x0000000087500000, 0x0000000087500000, 0x0000000087600000|  0%| F|  |TS  0|AC  0|TAMS 0x0000000087500000, 0x0000000087500000|
|  90|0x0000000087600000, 0x0000000087600000, 0x0000000087700000|  0%| F|  |TS  0|AC  0|TAMS 0x0000000087600000, 0x0000000087600000|
|  91|0x0000000087700000, 0x0000000087700000, 0x0000000087800000|  0%| F|  |TS  0|AC  0|TAMS 0x0000000087700000, 0x0000000087700000|
|  92|0x0000000087800000, 0x0000000087800000, 0x0000000087900000|  0%| F|  |TS  0|AC  0|TAMS 0x0000000087800000, 0x0000000087800000|
|  93|0x0000000087900000, 0x0000000087900000, 0x0000000087a00000|  0%| F|  |TS  0|AC  0|TAMS 0x0000000087900000, 0x0000000087900000|
|  94|0x0000000087a00000, 0x0000000087a00000, 0x0000000087b00000|  0%| F|  |TS  0|AC  0|TAMS 0x0000000087a00000, 0x0000000087a00000|
|  95|0x0000000087b00000, 0x0000000087b00000, 0x0000000087c00000|  0%| F|  |TS  0|AC  0|TAMS 0x0000000087b00000, 0x0000000087b00000|
|  96|0x0000000087c00000, 0x0000000087c00000, 0x0000000087d00000|  0%| F|  |TS  0|AC  0|TAMS 0x0000000087c00000, 0x0000000087c00000|
|  97|0x0000000087d00000, 0x0000000087d00000, 0x0000000087e00000|  0%| F|  |TS  0|AC  0|TAMS 0x0000000087d00000, 0x0000000087d00000|
|  98|0x0000000087e00000, 0x0000000087e00000, 0x0000000087f00000|  0%| F|  |TS  0|AC  0|TAMS 0x0000000087e00000, 0x0000000087e00000|
|  99|0x0000000087f00000, 0x0000000087f00000, 0x0000000088000000|  0%| F|  |TS  0|AC  0|TAMS 0x0000000087f00000, 0x0000000087f00000|
| 100|0x0000000088000000, 0x0000000088000000, 0x0000000088100000|  0%| F|  |TS  0|AC  0|TAMS 0x0000000088000000, 0x0000000088000000|
| 101|0x0000000088100000, 0x0000000088100000, 0x0000000088200000|  0%| F|  |TS  0|AC  0|TAMS 0x0000000088100000, 0x0000000088100000|
| 102|0x0000000088200000, 0x0000000088200000, 0x0000000088300000|  0%| F|  |TS  0|AC  0|TAMS 0x0000000088200000, 0x0000000088200000|
| 103|0x0000000088300000, 0x0000000088300000, 0x0000000088400000|  0%| F|  |TS  0|AC  0|TAMS 0x0000000088300000, 0x0000000088300000|
| 104|0x0000000088400000, 0x0000000088400000, 0x0000000088500000|  0%| F|  |TS  0|AC  0|TAMS 0x0000000088400000, 0x0000000088400000|
| 105|0x0000000088500000, 0x0000000088500000, 0x0000000088600000|  0%| F|  |TS  0|AC  0|TAMS 0x0000000088500000, 0x0000000088500000|
| 106|0x0000000088600000, 0x0000000088600000, 0x0000000088700000|  0%| F|  |TS  0|AC  0|TAMS 0x0000000088600000, 0x0000000088600000|
| 107|0x0000000088700000, 0x0000000088700000, 0x0000000088800000|  0%| F|  |TS  0|AC  0|TAMS 0x0000000088700000, 0x0000000088700000|
| 108|0x0000000088800000, 0x0000000088800000, 0x0000000088900000|  0%| F|  |TS  0|AC  0|TAMS 0x0000000088800000, 0x0000000088800000|
| 109|0x0000000088900000, 0x0000000088900000, 0x0000000088a00000|  0%| F|  |TS  0|AC  0|TAMS 0x0000000088900000, 0x0000000088900000|
| 110|0x0000000088a00000, 0x0000000088a00000, 0x0000000088b00000|  0%| F|  |TS  0|AC  0|TAMS 0x0000000088a00000, 0x0000000088a00000|
| 111|0x0000000088b00000, 0x0000000088b00000, 0x0000000088c00000|  0%| F|  |TS  0|AC  0|TAMS 0x0000000088b00000, 0x0000000088b00000|
| 112|0x0000000088c00000, 0x0000000088c00000, 0x0000000088d00000|  0%| F|  |TS  0|AC  0|TAMS 0x0000000088c00000, 0x0000000088c00000|
| 113|0x0000000088d00000, 0x0000000088d00000, 0x0000000088e00000|  0%| F|  |TS  0|AC  0|TAMS 0x0000000088d00000, 0x0000000088d00000|
| 114|0x0000000088e00000, 0x0000000088e00000, 0x0000000088f00000|  0%| F|  |TS  0|AC  0|TAMS 0x0000000088e00000, 0x0000000088e00000|
| 115|0x0000000088f00000, 0x0000000088f00000, 0x0000000089000000|  0%| F|  |TS  0|AC  0|TAMS 0x0000000088f00000, 0x0000000088f00000|
| 116|0x0000000089000000, 0x0000000089000000, 0x0000000089100000|  0%| F|  |TS  0|AC  0|TAMS 0x0000000089000000, 0x0000000089000000|
| 117|0x0000000089100000, 0x0000000089100000, 0x0000000089200000|  0%| F|  |TS  0|AC  0|TAMS 0x0000000089100000, 0x0000000089100000|
| 118|0x0000000089200000, 0x0000000089200000, 0x0000000089300000|  0%| F|  |TS  0|AC  0|TAMS 0x0000000089200000, 0x0000000089200000|
| 119|0x0000000089300000, 0x0000000089300000, 0x0000000089400000|  0%| F|  |TS  0|AC  0|TAMS 0x0000000089300000, 0x0000000089300000|
| 120|0x0000000089400000, 0x0000000089400000, 0x0000000089500000|  0%| F|  |TS  0|AC  0|TAMS 0x0000000089400000, 0x0000000089400000|
| 121|0x0000000089500000, 0x0000000089500000, 0x0000000089600000|  0%| F|  |TS  0|AC  0|TAMS 0x0000000089500000, 0x0000000089500000|
| 122|0x0000000089600000, 0x0000000089600000, 0x0000000089700000|  0%| F|  |TS  0|AC  0|TAMS 0x0000000089600000, 0x0000000089600000|
| 123|0x0000000089700000, 0x00000000897f6898, 0x0000000089800000| 96%| E|  |TS  0|AC  0|TAMS 0x0000000089700000, 0x0000000089700000|
| 124|0x0000000089800000, 0x0000000089900000, 0x0000000089900000|100%| E|CS|TS  0|AC  0|TAMS 0x0000000089800000, 0x0000000089800000|
| 125|0x0000000089900000, 0x0000000089a00000, 0x0000000089a00000|100%| E|CS|TS  0|AC  0|TAMS 0x0000000089900000, 0x0000000089900000|
| 126|0x0000000089a00000, 0x0000000089b00000, 0x0000000089b00000|100%| E|CS|TS  0|AC  0|TAMS 0x0000000089a00000, 0x0000000089a00000|
| 127|0x0000000089b00000, 0x0000000089c00000, 0x0000000089c00000|100%| E|CS|TS  0|AC  0|TAMS 0x0000000089b00000, 0x0000000089b00000|

Card table byte_map: [0x0000021f7e8d0000,0x0000021f7ecd0000] byte_map_base: 0x0000021f7e4c2000

Marking Bits (Prev, Next): (CMBitMap*) 0x0000021f714998a0, (CMBitMap*) 0x0000021f714998d8
 Prev Bits: [0x0000021f0f000000, 0x0000021f10f90000)
 Next Bits: [0x0000021f10f90000, 0x0000021f12f20000)

Polling page: 0x0000021f714d0000

CodeHeap 'non-profiled nmethods': size=120000Kb used=99Kb max_used=99Kb free=119900Kb
 bounds [0x0000021f07ad0000, 0x0000021f07d40000, 0x0000021f0f000000]
CodeHeap 'profiled nmethods': size=120000Kb used=494Kb max_used=494Kb free=119505Kb
 bounds [0x0000021f005a0000, 0x0000021f00810000, 0x0000021f07ad0000]
CodeHeap 'non-nmethods': size=5760Kb used=1196Kb max_used=1204Kb free=4563Kb
 bounds [0x0000021f00000000, 0x0000021f00270000, 0x0000021f005a0000]
 total_blobs=757 nmethods=350 adapters=256
 compilation: enabled

Compilation events (10 events):
Event: 174.304 Thread 0x0000021f7fc89000  346       3       java.lang.StringConcatHelper::prepend (16 bytes)
Event: 174.304 Thread 0x0000021f7fc89000 nmethod 346 0x0000021f00618a10 code [0x0000021f00618be0, 0x0000021f00618ff0]
Event: 174.304 Thread 0x0000021f7fc89000  347       3       java.lang.invoke.DirectMethodHandle$Holder::invokeStatic (20 bytes)
Event: 174.304 Thread 0x0000021f7fc89000 nmethod 347 0x0000021f00619110 code [0x0000021f006192e0, 0x0000021f00619800]
Event: 174.304 Thread 0x0000021f7fc89000  348       3       java.lang.StringConcatHelper::prepend (18 bytes)
Event: 174.304 Thread 0x0000021f7fc89000 nmethod 348 0x0000021f00619910 code [0x0000021f00619ae0, 0x0000021f00619d00]
Event: 174.304 Thread 0x0000021f7fc89000  349       3       java.lang.invoke.DirectMethodHandle$Holder::invokeStatic (18 bytes)
Event: 174.304 Thread 0x0000021f7fc89000 nmethod 349 0x0000021f00619e10 code [0x0000021f00619fe0, 0x0000021f0061a460]
Event: 177.949 Thread 0x0000021f7fc89000  350       3       java.lang.StringConcatHelper::newString (46 bytes)
Event: 177.952 Thread 0x0000021f7fc89000 nmethod 350 0x0000021f0061a590 code [0x0000021f0061a820, 0x0000021f0061b570]

GC Heap History (0 events):
No events

Deoptimization events (1 events):
Event: 0.204 Thread 0x0000021f7141b800 Uncommon trap: reason=unstable_if action=reinterpret pc=0x0000021f07ad4f84 method=java.lang.String.hashCode()I @ 22 c2

Classes redefined (4 events):
Event: 338.144 Thread 0x0000021f7fbdc800 redefined class name=LinkedList.Solution, count=1
Event: 366.290 Thread 0x0000021f7fbdc800 redefined class name=LinkedList.Solution, count=2
Event: 374.904 Thread 0x0000021f7fbdc800 redefined class name=LinkedList.Solution, count=3
Event: 2472.359 Thread 0x0000021f7fbdc800 redefined class name=LinkedList.Solution, count=4

Internal exceptions (0 events):
No events

Events (10 events):
Event: 2472.360 Executing VM operation: GetFrameCount done
Event: 2472.361 Executing VM operation: GetFrameCount
Event: 2472.361 Executing VM operation: GetFrameCount done
Event: 2472.361 Executing VM operation: GetFrameLocation
Event: 2472.361 Executing VM operation: GetFrameLocation done
Event: 2472.418 Executing VM operation: ChangeBreakpoints
Event: 2472.418 Executing VM operation: ChangeBreakpoints done
Event: 2472.420 Executing VM operation: ChangeBreakpoints
Event: 2472.420 Executing VM operation: ChangeBreakpoints done
Event: 2472.434 Executing VM operation: GetOrSetLocal


Dynamic libraries:
0x00007ff6c61e0000 - 0x00007ff6c621e000 	C:\Program Files\Java\jdk-9.0.4\bin\java.exe
0x00007fff1d0b0000 - 0x00007fff1d291000 	C:\WINDOWS\SYSTEM32\ntdll.dll
0x00007fff1c2c0000 - 0x00007fff1c371000 	C:\WINDOWS\System32\KERNEL32.DLL
0x00007fff19790000 - 0x00007fff19a03000 	C:\WINDOWS\System32\KERNELBASE.dll
0x00007fff1cb70000 - 0x00007fff1cc11000 	C:\WINDOWS\System32\ADVAPI32.dll
0x00007fff1c3b0000 - 0x00007fff1c44e000 	C:\WINDOWS\System32\msvcrt.dll
0x00007fff1c960000 - 0x00007fff1c9bb000 	C:\WINDOWS\System32\sechost.dll
0x00007fff1ca40000 - 0x00007fff1cb64000 	C:\WINDOWS\System32\RPCRT4.dll
0x00007fff1c5c0000 - 0x00007fff1c750000 	C:\WINDOWS\System32\USER32.dll
0x00007fff19b70000 - 0x00007fff19b90000 	C:\WINDOWS\System32\win32u.dll
0x00007fff1c750000 - 0x00007fff1c778000 	C:\WINDOWS\System32\GDI32.dll
0x00007fff19b90000 - 0x00007fff19d21000 	C:\WINDOWS\System32\gdi32full.dll
0x00007fff196f0000 - 0x00007fff1978f000 	C:\WINDOWS\System32\msvcp_win.dll
0x00007fff19d30000 - 0x00007fff19e28000 	C:\WINDOWS\System32\ucrtbase.dll
0x00007fff0ce20000 - 0x00007fff0d089000 	C:\WINDOWS\WinSxS\amd64_microsoft.windows.common-controls_6595b64144ccf1df_6.0.17134.829_none_fb46a5473061b9d5\COMCTL32.dll
0x00007fff1a540000 - 0x00007fff1a862000 	C:\WINDOWS\System32\combase.dll
0x00007fff11930000 - 0x00007fff1193a000 	C:\WINDOWS\SYSTEM32\VERSION.dll
0x00007fff19480000 - 0x00007fff194fa000 	C:\WINDOWS\System32\bcryptPrimitives.dll
0x00007fff1ac60000 - 0x00007fff1ac8d000 	C:\WINDOWS\System32\IMM32.DLL
0x00007fff112e0000 - 0x00007fff113cf000 	C:\Program Files\Java\jdk-9.0.4\bin\msvcr120.dll
0x00007ffef3960000 - 0x00007ffef3a06000 	C:\Program Files\Java\jdk-9.0.4\bin\msvcp120.dll
0x00000000643d0000 - 0x0000000064df5000 	C:\Program Files\Java\jdk-9.0.4\bin\server\jvm.dll
0x00007fff1c3a0000 - 0x00007fff1c3a8000 	C:\WINDOWS\System32\PSAPI.DLL
0x00007fff0ac10000 - 0x00007fff0ac19000 	C:\WINDOWS\SYSTEM32\WSOCK32.dll
0x00007fff1c450000 - 0x00007fff1c4bc000 	C:\WINDOWS\System32\WS2_32.dll
0x00007fff14cb0000 - 0x00007fff14cd3000 	C:\WINDOWS\SYSTEM32\WINMM.dll
0x00007fff14c80000 - 0x00007fff14caa000 	C:\WINDOWS\SYSTEM32\winmmbase.dll
0x00007fff19b20000 - 0x00007fff19b69000 	C:\WINDOWS\System32\cfgmgr32.dll
0x00007fff15140000 - 0x00007fff1514f000 	C:\Program Files\Java\jdk-9.0.4\bin\verify.dll
0x00007fff142a0000 - 0x00007fff142c7000 	C:\Program Files\Java\jdk-9.0.4\bin\java.dll
0x00007fff0e670000 - 0x00007fff0e6a6000 	C:\Program Files\Java\jdk-9.0.4\bin\jdwp.dll
0x00007fff0e220000 - 0x00007fff0e24a000 	C:\Program Files\Java\jdk-9.0.4\bin\instrument.dll
0x00007fff11770000 - 0x00007fff11786000 	C:\Program Files\Java\jdk-9.0.4\bin\zip.dll
0x00007fff14290000 - 0x00007fff1429a000 	C:\Program Files\Java\jdk-9.0.4\bin\jimage.dll
0x00007fff1ac90000 - 0x00007fff1c0d0000 	C:\WINDOWS\System32\SHELL32.dll
0x00007fff1c780000 - 0x00007fff1c829000 	C:\WINDOWS\System32\shcore.dll
0x00007fff19e30000 - 0x00007fff1a53d000 	C:\WINDOWS\System32\windows.storage.dll
0x00007fff1c560000 - 0x00007fff1c5b1000 	C:\WINDOWS\System32\shlwapi.dll
0x00007fff19410000 - 0x00007fff19421000 	C:\WINDOWS\System32\kernel.appcore.dll
0x00007fff193f0000 - 0x00007fff1940f000 	C:\WINDOWS\System32\profapi.dll
0x00007fff19430000 - 0x00007fff1947c000 	C:\WINDOWS\System32\powrprof.dll
0x00007fff193c0000 - 0x00007fff193ca000 	C:\WINDOWS\System32\FLTLIB.DLL
0x00007fff11750000 - 0x00007fff1176a000 	C:\Program Files\Java\jdk-9.0.4\bin\net.dll
0x00007fff11980000 - 0x00007fff11a5d000 	C:\WINDOWS\SYSTEM32\WINHTTP.dll
0x00007fff18c20000 - 0x00007fff18c86000 	C:\WINDOWS\system32\mswsock.dll
0x00007fff11730000 - 0x00007fff11741000 	C:\Program Files\Java\jdk-9.0.4\bin\nio.dll
0x00007fff11660000 - 0x00007fff1166a000 	C:\Program Files\Java\jdk-9.0.4\bin\dt_socket.dll
0x00007fff17e00000 - 0x00007fff17fc9000 	C:\WINDOWS\SYSTEM32\dbghelp.dll

VM Arguments:
jvm_args: -agentlib:jdwp=transport=dt_socket,address=127.0.0.1:64930,suspend=y,server=n -javaagent:C:\Users\tuhao\.IntelliJIdea2018.2\system\captureAgent\debugger-agent.jar=file:/C:/Users/tuhao/AppData/Local/Temp/capture320.props -Dfile.encoding=GBK 
java_command: LinkedList.Solution
java_class_path (initial): F:\项目\数据结构\out\production\数据结构;D:\IntelliJ IDEA 2018.2.4\lib\idea_rt.jar
Launcher Type: SUN_STANDARD

Logging:
Log output configuration:
#0: stdout all=warning uptime,level,tags
#1: stderr all=off uptime,level,tags

Environment Variables:
JAVA_HOME=C:\Program Files\Java\jdk1.7.0_80
CLASSPATH=.;C:\Program Files\Java\jdk-9.0.4\lib;D:\安装包\server-jre-7u80-windows-x64\jdk1.7.0_80\lib;C:\Program Files\Java\jdk1.7.0_80\lib;
PATH=C:\ProgramData\Oracle\Java\javapath;C:\Program Files (x86)\Intel\iCLS Client\;C:\Program Files\Intel\iCLS Client\;C:\Windows\system32;C:\Windows;C:\Windows\System32\Wbem;C:\Windows\System32\WindowsPowerShell\v1.0\;C:\Program Files (x86)\NVIDIA Corporation\PhysX\Common;C:\Program Files (x86)\Intel\Intel(R) Management Engine Components\DAL;C:\Program Files\Intel\Intel(R) Management Engine Components\DAL;C:\Program Files (x86)\Intel\Intel(R) Management Engine Components\IPT;C:\Program Files\Intel\Intel(R) Management Engine Components\IPT;C:\WINDOWS\system32;C:\WINDOWS;C:\WINDOWS\System32\Wbem;C:\WINDOWS\System32\WindowsPowerShell\v1.0\;C:\Program Files\Java\jdk-9.0.4\bin;C:\Program Files (x86)\GtkSharp\2.12\bin;C:\WINDOWS\System32\OpenSSH\;C:\Program Files (x86)\Microsoft SQL Server\140\Tools\Binn\;C:\Program Files\Microsoft SQL Server\140\Tools\Binn\;C:\Program Files (x86)\Microsoft SQL Server\140\DTS\Binn\;C:\Program Files\Microsoft SQL Server\140\DTS\Binn\;C:\Program Files\Microsoft SQL Server\Client SDK\ODBC\130\Tools\Binn\;C:\Program Files (x86)\Microsoft SQL Server\150\DTS\Binn\;C:\Program Files\dotnet\;C:\Program Files\MySQL\MySQL Server 5.5\bin;D:\bin;E:\bin;E:\Maven\apache-maven-3.6.0\bin;D:\Git\cmd;C:\Program Files\Java\jdk1.7.0_80\bin;C:\Program Files\nodejs\;C:\Users\tuhao\AppData\Roaming\Microsoft\Windows\Start Menu\Programs\Python 3.7;C:\Users\tuhao\AppData\Local\Programs\Python\Python37\Scripts\;C:\Users\tuhao\AppData\Local\Programs\Python\Python37\;C:\Users\tuhao\AppData\Local\Microsoft\WindowsApps;C:\Users\tuhao\AppData\Local\GitHubDesktop\bin;C:\Users\tuhao\AppData\Roaming\npm;E:\前端开发\Fiddler
USERNAME=tuhao
OS=Windows_NT
PROCESSOR_IDENTIFIER=Intel64 Family 6 Model 142 Stepping 10, GenuineIntel



---------------  S Y S T E M  ---------------

OS: Windows 10 , 64 bit Build 17134 (10.0.17134.753)

CPU:total 8 (initial active 8) (4 cores per cpu, 2 threads per core) family 6 model 142 stepping 10, cmov, cx8, fxsr, mmx, sse, sse2, sse3, ssse3, sse4.1, sse4.2, popcnt, avx, avx2, aes, clmul, erms, 3dnowpref, lzcnt, ht, tsc, tscinvbit, bmi1, bmi2, adx, fma

Memory: 4k page, physical 8268700k(4000092k free), swap 10890140k(3680980k free)

vm_info: Java HotSpot(TM) 64-Bit Server VM (9.0.4+11) for windows-amd64 JRE (9.0.4+11), built on Dec 20 2017 02:18:54 by "mach5one" with MS VC++ 12.0 (VS2013)

END.
